[    0.000000] Initializing cgroup sbsys cpuset
[    0.000000] Initializing cgoup sbsys cpu
[    0.000000] Initializing cgroup subsys cpuacct
[    0.000000] Linux versin 4.4.0-134-generic (buildlgw01-amd64-03) (gcc version 5.4.0 20160609 (Ubuntu 5.4.0-6ubuntu1~16.04.10) ) #16-Ubuntu SMP Wed Aug 15 14:58:00 UTC 2018 (Ubuntu 4.4.0-134.160-generic 4.4.140)
[    0.000000] Command line: BOOT_IMAGE=/boot/vmlinuz-4.4.0-134-gneric root=LABEL=clouimg-rootfsro console=tty1 console=ttyS0
[    0.000000] KERNEL supported cpus:
[    0.000000]  Intel GenuineIntel
[    0.00000]   AMD AuthenticAMD
[    0.000000]   Centaur CentaurHauls
[    0.000000] x86/fp: xstate_offset[2]:  576, xstate_szes[2]:  256
[    0.000000] x86/fpu: Supporting XSAVE feature 0x01: 'x87 floating point registers'
[    0.000000] x86/fpu: Supporting XSAVE feature 0x02: 'SSE registers'
[    0.000000] x86/fpu: Supporting XSAVE feature 0x04: 'AVX registers'
[    0.000000] x86/fpu: Enabled xstate features 0x7, context size is 832 bytes, using 'standard' format.
[    0.000000] e820: BIOS-provided physical RAM map:
[    0.000000] BIOS-e820: [mem 0x0000000000000000-0x000000000009fbff] usable
[    0.000000] BIOS-e20: [mem 0x000000000009fc00-0x000000000009ffff] reserved
[    0.000000] IOS-e820: [mem 0x00000000000f0000-0x00000000000fffff] reserved
[    0.000000] BIOS-e820: [mem 0x0000000000100000-0x000000003ffeffff] usable
[    0.000000] BIOS-e820: [mem 0x000000003fff0000-0x000000003fffffff] ACPI data
[    0.000000] BIOS-e82: [mem 0x00000000ec00000-0x00000000fec00fff] resered
[    0.000000] BIOS-820: [mem 0x00000000fee000000x0000000fee00fff] reserved
[    0000000 BOS-e820: [mem 0x00000000fffc0000-0x00000000ffffffff] reserved
[    0.000000] NX (Execute Disable) protection: active
[    0.000000] SMBIOS 2.5 present.
[    0.000000] Hypervisor detected: KVM
[    0.000000] e820: last_pfn = 0x3fff max_arch_pfn = 0x400000000
[    0.000000] MTRR: Disabled
[    0.000000] x86/PAT: MTRRs disabled, skipping PAT initialization too.
[    0.000000] CPU MTRRs all blank - virtualized system.
[    0.000000] x86/PAT: Configuration [0-7]: WB  WT  UC- UC  WB  WT  UC- UC  
[    0.000000] found SMP MP-table at [mem 0x0009fff0-0x0009ffff] mapped at [ffff88000009fff0]
[    0.000000] Scanning 1 areas for low memory corruption
[    0.000000] RAMDISK: [mem 0x3630c000-0x3717dfff]
[    0.000000] ACPI: Early table checksum verification disabled
[    0.000000] ACPI: RSDP 0x00000000000E0000 000024 (v02 VBOX  )
[    0.000000] ACPI: XSDT 0x000000003FFF0030 00003C (v01 VBOX   VBOXXSDT 00000001 ASL  00000061)
[    0.000000] ACPI: FACP 0x000000003FFF00F0 0000F4 (v04 VBOX   VBOXFACP 00000001 ASL  00000061)
[    0.000000] ACPI: DSDT 0x000000003FFF0470 0021FF (v02 VBOX   VBOXBIOS 00000002 INTL 20100528)
[    0.000000] ACPI: FACS 0x000000003FFF0200 000040
[    0.000000] ACPI: FACS 0x000000003FFF0200 000040
[    0.000000] ACPI: APIC 0x000000003FFF0240 00005C (v02 VBOX   VBOXAPIC 00000001 ASL  00000061)
[    0.000000] ACPI: SSDT 0x000000003FFF02A0 0001CC (v01 VBOX   VBOXCPUT 00000002 INTL 20100528)
[    0.000000] N NUMA configuration found
[    0.000000] Faking a node at [mem 0x0000000000000000-0x000000003ffeffff]
[    0000000] NODE_DATA(0) allocated [mem 0x3ffeb000-0x3ffeffff]
[    0.000000] kvm-clock: Using mss 4b564d01 and 4b564d00
[    0.000000] kvm-clock: cpu 0, msr 0:3ffe3001, primary cpu clock
[    0.000000] kvm-clock: using sched offset of 3706233834 cycles
[    0.000000] clocksource: kvm-clock: mask: 0xffffffffffffffffmax_cycles: 0x1cd42e4dffb, max_idle_ns: 881590591483 ns
[    0.000000] Zone ranges:
[    .000000]   DMA      [mem 0x000000000001000-0x0000000000ffffff]
[    0.000000]   DMA32   [mem 0x0000000001000000-0x000000003ffeffff]
[    0.000000]   Normal   empty
[    0.000000]   Device   empty
[    0.000000] Movale zone start for each node
[   0.000000] Early memory node ranges
[    0.000000]   node   0: [mem 0x0000000000001000-0x000000000009efff]
[    0.000000]   node   0: [mem 0x0000000000100000-0x000000003ffeffff]
[    0.000000] Initmem setup node 0 [mem 0x0000000000001000-0x000000003ffeffff]
[    0.000000] ACPI: PM-Timer IO Port: 0x4008
[    0.000000] IOAPIC[0]: apic_id 2, version 32, address 0xfec00000, GSI 0-23
[    0.000000] ACPI: INT_SRC_OVR (bus 0 bus_irq 0 global_irq 2 dfl dfl)
[    0.000000] ACPI: INT_SRC_OVR (bus 0 bus_irq 9 global_irq 9 low level)
[    0.000000] Using ACPI (MADT) for SMP configuration information
[    0.000000] smpboot: Allowing 2 CPUs, 0 hotplug CPUs
[    0.000000] PM: Registered nosave meemory: [mem 0x00000000-0x00000fff]
[    0.000000] PM: Registered nosave memory: [mem 0x0009f000-0x0009ffff]
[    0.000000] PM: Registered nosave memory: [mem 0x000a0000-0x000effff]
[   0.000000] PM: Registered nosave memory: [mem 0x000f0000-0x000fffff]
[    0.000000] e820: [mem 0x4000000-0xfebfffff] available for PCI devices
[    0.000000] Booting paravirtualized kernel on KVM
[    0.000000] clocksource: refined-jiffies: mask: 0xfffffff max_cyces: 0xffffffff, mx_idle_ns: 7645519600211568 ns
[    0.00000] setup_pecpu: NR_CPUS:512 r_cpumask_bits:512 nr_cpu_ids:2 nr_node_ids:1
[    0.000000] PERCPU Embedded 34 pages/cpu @ffff88003fc00000 s99544 r8192 d31528u1048576
[    0.000000]PV qspinlock hash table entries: 256 (order: 0, 4096 bytes)
[    0.000000] Built 1 zonelists in Node order, mobility grouping on.  Total pages: 257912
[    0.000000] Policy zone: DMA32
[   0.000000]Kernel command line: BOOT_IMAGE=/boot/vmlinuz-4.4.-134-generic root=LABEL=cloudimg-rootfs ro console=tty1 console=ttyS0
[    0.000000] PID hash table entries: 4096 (order: 3, 32768 ytes)
[    0.000000] Memory: 997724K/1048120K available (8554K kernel code, 1314K rwdata, 4004K rodata, 1516K init, 1316K bss, 50396K reserved, 0K cma-reserved)
[    0.000000] SLUB: HWalign=64, Oder=0-3,MinObjects=0, CPUs=2, Nodes=1
[    0.000000] Kernel/User page tables isolation: enabled
[    0.000000] Hierarchical RCU implementation.
[    0.000000] 	Build-time adjustment of leaf fanout to 64.
[    0.000000] 	RCU restricting CPUs from NR_CPUS=512 to nr_cpu_ids=2.
[    0.000000] RCU: Adjusting geometry for rcu_fanout_leaf=64, nr_cpu_ids=2
[    0.000000] NR_IRQS:33024 nr_irqs:440 16
[    0000000] Console: colour VA+ 80x25
[    0.000000] console [tty1] enabled
[    0.000000] console [ttyS0] enabled
[    0.000000] tsc: Detected 1599.999 MHz procesor
[[    1.474267] Calibrating delay loop (skipped) preset value.. 3199.99 BogoMIPS (lpj=6399996)
[    1.478629] pid_max: default: 32768 minimum: 301
[    1.483432] ACPI: Core revision 20150930
[    1.500921] ACPI: 2 ACPI AML tables successfully acquired and loaded
[    1.507905] Security Framework initialized
[    1.509968] Yama: becoming mindful.
[    1.511892] AppArmor: AppArmor initialized
[    1.514316] Dentry cache hash table entries: 131072 (order: 8, 1048576 bytes)
[    1.519353] Inode-cache hash table entries: 65536 (order: 7, 524288 bytes)
[    1.524203] Mount-cache hash table entries: 2048 (order: 2, 16384 bytes)
[    1.526807] Mountpoint-cache hash table entries: 2048 (order: 2, 16384 bytes)
[    1.529797] Initializing cgroup subsys io
[    1.534901] Initializing cgroup subsys memory
[    1.538508] Initializing cgroup subsys devices
[    1.540558] Initializing cgroup subsys freezer
[    1.547291] Initializing cgroup subsys net_cls
[    1.551499] Initializing cgroup subsys perf_event
[    1.553357] Initializing cgroup subsys net_prio
[    1.558652] Initializing cgroup subsys hugetlb
[    1.563437] Initializing cgroup subsys pids
[    1.571024] mce: CPU supports 0 MCE banks
[    1.575514] Last level iTLB entries: 4KB 64, 2MB 8, 4MB 8
[    1.590733] Last level dTLB entries: 4KB 64, 2MB 0, 4MB 0, 1GB 4
[    1.595363] Spectre V2 : Mitigation: Full generic retpoline
[    1.599288] Spectre V2 : Speculation control IBPB not-supported IBRS not-supported
[    1.602022] Speculative Store Bypass: Vulnerable
[    1.609591] Freeing SMP alternatives memory: 32K
[    1.631516] ftrace: allocating 32266 entries in 127 pages
[    1.695104] smpboot: APIC(0) Converting physical 0 to logical package 0
[    1.703400] smpboot: Max logical packages: 1
[    1.707083] x2apic enabled
[    1.708642] Switched APIC routing to physical x2apic.
[    1.712078] ..TIMER: vector=0x30 apic1=0 pin1=2 apic2=-1 pin2=-1
[    1.821970] smpboot: CPU0: Intel(R) Core(TM) i5-5250U CPU @ 1.60GHz (family: 0x6, model: 0x3d, stepping: 0x4)
[    1.835337] Performance Events: unsupported p6 CPU model 61 no PMU driver, software events only.
[    1.844690] KVM setup paravirtual spinlock
[    1.851878] x86: Booting SMP configuration:
[    1.853587] .... node  #0, CPUs:      #1
[    1.855609] kvm-clock: cpu 1, msr 0:3ffe3041, secondary cpu clock
[    1.858545] mce: CPU supports 0 MCE banks
[    1.861947] x86: Booted up 1 node, 2 CPUs
[    1.863888] smpboot: Total of 2 processors activated (6399.99 BogoMIPS)
[    1.869458] devtmpfs: initialized
[    1.880639] evm: security.selinux
[    1.883419] evm: security.SMACK64
[    1.898720] evm: security.SMACK64EXEC
[    1.900139] evm: security.SMACK64TRANSMUTE
[    1.911242] evm: security.SMACK64MMAP
[    1.919966] evm: security.ima
[    1.927960] evm: security.capability
[    1.929967] clocksource: jiffies: mask: 0xffffffff max_cycles: 0xffffffff, max_idle_ns: 7645041785100000 ns
[    1.957171] futex hash table entries: 512 (order: 3, 32768 bytes)
[    1.959702] pinctrl core: initialized pinctrl subsystem
[    1.963831] RTC time: 20:11:53, date: 09/16/18
[    1.975068] NET: Registered protocol family 16
[    1.991155] cpuidle: using governor ladder
[    2.006503] cpuidle: using governor menu
[    2.008935] PCCT header not found.
[    2.012112] ACPI: bus type PCI registered
[    2.018870] acpiphp: ACPI Hot Plug PCI Controller Driver version: 0.5
[    2.043546] PCI: Using configuration type 1 for base access
[    2.063962] ACPI: Added _OSI(Module Device)
[    2.066237] ACPI: Added _OSI(Processor Device)
[    2.068168] ACPI: Added _OSI(3.0 _SCP Extensions)
[    2.070365] ACPI: Added _OSI(Processor Aggregator Device)
[    2.073346] ACPI: Executed 1 blocks of module-level executable AML code
[    2.078806] ACPI: Interpreter enabled
[    2.080604] ACPI: (supports S0 S5)
[    2.082551] ACPI: Using IOAPIC for interrupt routing
[    2.091289] PCI: Using host bridge windows from ACPI; if necessary, use "pci=nocrs" and report a bug
[    2.113124] ACPI: PCI Root Bridge [PCI0] (domain 0000 [bus 00-ff])
[    2.125609] acpi PNP0A03:00: _OSC: OS supports [ASPM ClockPM Segments MSI]
[    2.131838] acpi PNP0A03:00: _OSC: not requesting OS control; OS requires [ExtendedConfig ASPM ClockPM MSI]
[    2.138989] acpi PNP0A03:00: fail to add MMCONFIG information, can't access extended PCI configuration space under this bridge.
[    2.148196] PCI host bridge to bus 0000:00
[    2.154984] pci_bus 0000:00: root bus resource [io  0x0000-0x0cf7 window]
[    2.178150] pci_bus 0000:00: root bus resource [io  0x0d00-0xffff window]
[    2.180939] pci_bus 0000:00: root bus resource [mem 0x000a0000-0x000bffff window]
[    2.185209] pci_bus 0000:00: root bus resource [mem 0x40000000-0xfdffffff window]
[    2.189510] pci_bus 0000:00: root bus resource [bus 00-ff]
[    2.204093] pci 0000:00:01.1: legacy IDE quirk: reg 0x10: [io  0x01f0-0x01f7]
[    2.211803] pci 0000:00:01.1: legacy IDE quirk: reg 0x14: [io  0x03f6]
[    2.227584] pci 0000:00:01.1: legacy IDE quirk: reg 0x18: [io  0x0170-0x0177]
[    2.231513] pci 0000:00:01.1: legacy IDE quirk: reg 0x1c: [io  0x0376]
[    2.258258] pci 0000:00:07.0: quirk: [io  0x4000-0x403f] claimed by PIIX4 ACPI
[    2.291093] pci 0000:00:07.0: quirk: [io  0x4100-0x410f] claimed by PIIX4 SMB
[    2.310629] ACPI: PCI Interrupt Link [LNKA] (IRQs 5 9 10 *11)
[    2.323857] ACPI: PCI Interrupt Link [LNKB] (IRQs 5 9 *10 11)
[    2.327125] ACPI: PCI Interrupt Link [LNKC] (IRQs 5 *9 10 11)
[    2.330603] ACPI: PCI Interrupt Link [LNKD] (IRQs 5 9 10 *11)
[    2.381360] ACPI: Enabled 2 GPEs in block 00 to 07
[    2.427705] vgaarb: setting as boot device: PCI:0000:00:02.0
[    2.463980] vgaarb: device added: PCI:0000:00:02.0,decodes=io+mem,owns=io+mem,locks=none
[    2.483629] vgaarb: loaded
[    2.491337] vgaarb: bridge control possible 0000:00:02.0
[    2.496533] SCSI subsystem initialized
[    2.504525] ACPI: bus type USB registered
[    2.506558] usbcore: registered new interface driver usbfs
[    2.516738] usbcore: registered new interface driver hub
[    2.521434] usbcore: registered new device driver usb
[    2.532216] PCI: Using ACPI for IRQ routing
[    2.537218] NetLabel: Initializing
[    2.543903] NetLabel:  domain hash size = 128
[    2.546398] NetLabel:  protocols = UNLABELED CIPSOv4
[    2.552392] NetLabel:  unlabeled traffic allowed by default
[    2.563873] amd_nb: Cannot enumerate AMD northbridges
[    2.567812] clocksource: Switched to clocksource kvm-clock
[    2.581180] Apprmor AppArmor Filesystem Enabled
[    2.634667] pnp: PnP ACPI init
[   2.63674] pn: PnP ACPI: found 3 devices

[   2.73022] clocksource: acpi_pm: mask: 0xffffff max_cycles: 0xffffff, max_idle_ns: 2085701024 ns
[    278320] NT: Registered protocol family 2

[    2.860021] TCP established hash table entries: 8192 (order: 4, 65536 bytes)
[    2.862542] TCP bid hash table enties: 8192 (order: 5, 131072 bytes)
[    2.91718] TC: Hash tables configured (established 8192 bind 8192)
[    2.971489] UDP hash table entries: 512 (order: 2, 16384 bytes)
[    2.973961] UDP-Lite hash table entries: 512 (order: 2, 16384 bytes)
[    2.976624] NET: Registered protocol family 1
[    2.978614] pci 0000:00:00.0: Limiting direct PCI/PCI transfers
[    2.981117] pci 0000:00:01.0: Activating ISA DMA hang workarounds
[    2.983823] Unpacking initramfs...

[    3.283144] Freeing initrd memory: 14792K
[    3.286795] RAPL PMU detected, API unit is 2^-32 Joules, 4 fixed counters 10737418240 ms ovfl timer
[    3.296789] hw unit of domain pp0-core 2^-0 Joules
[    3.300028] hw unit of domain package 2^-0 Joules
[    3.303544] hw unit of domain dram 2^-0 Joules
[    3.315541] hw unit of domain pp1-gpu 2^-0 Joules
[    3.325507] platform rtc_cmos: registered platform RTC device (no PNP device found)
[    3.329097] Scanning for low memory corruption every 60 seconds
[    3.336792] audit: initializing netlink subsys (disabled)
[    3.350514] audit: type=2000 audit(1537128718.466:1): initialized
[    3.358260] Initialise system trusted keyring
[    3.368856] HugeTLB registered 2 MB page size, pre-allocated 0 pages
[    3.379100] zbud: loaded
[    3.382137] VFS: Disk quotas dquot_6.6.0
[    3.389799] VFS: Dquot-cache hash table entries: 512 (order 0, 4096 bytes)
[    3.392833] squashfs: version 4.0 (2009/01/31) Phillip Lougher
[    3.395583] fuse init (API version 7.23)
[    3.406851] Key type big_key registered
[    3.426378] Allocating IMA MOK and blacklist keyrings.
[    3.433538] Key type asymmetric registered
[    3.434944] Asymmetric key parser 'x509' registered
[    3.436898] Block layer SCSI generic (bsg) driver version 0.4 loaded (major 249)
[    3.439590] io scheduler noop registered
[    3.441656] io scheduler deadline registered (default)
[    3.444533] io scheduler cfq registered
[    3.461278] pci_hotplug: PCI Hot Plug PCI Core version: 0.5
[    3.478743] pciehp: PCI Express Hot Plug Controller Driver version: 0.4
[    3.491879] ACPI: AC Adapter [AC] (off-line)
[    3.498449] input: Power Button as /devices/LNXSYSTM:00/LNXPWRBN:00/input/input0
[    3.517712] ACPI: Power Button [PWRF]
[    3.529454] input: Sleep Button as /devices/LNXSYSTM:00/LNXSLPBN:00/input/input1
[    3.532423] ACPI: Sleep Button [SLPF]
[    3.534324] GHES: HEST is not enabled!
[    3.537237] ACPI: Battery Slot [BAT0] (battery present)
[    3.544857] Serial: 8250/16550 driver, 32 ports, IRQ sharing enabled
[    3.582847] 00:02: ttyS0 at I/O 0x3f8 (irq = 4, base_baud = 115200) is a 16550A
[    3.618443] Linux agpgart interface v0.103
[    3.623094] loop: module loaded
[    3.625603] scsi host0: ata_piix
[    3.627377] scsi host1: ata_piix
[    3.628887] ata1: PATA max UDMA/33 cmd 0x1f0 ctl 0x3f6 bmdma 0xd000 irq 14
[    3.646281] ata2: PATA max UDMA/33 cmd 0x170 ctl 0x376 bmdma 0xd008 irq 15
[    3.656743] libphy: Fixed MDIO Bus: probed
[    3.658533] tun: Universal TUN/TAP device driver, 1.6
[    3.680563] tun: (C) 1999-2004 Max Krasnyansky <maxk@qualcomm.com>
[    3.683394] PPP generic driver version 2.4.2
[    3.685425] ehci_hcd: USB 2.0 'Enhanced' Host Controller (EHCI) Driver
[    3.687410] ehci-pci: EHCI PCI platform driver
[    3.689030] ehci-platform: EHCI generic platform driver
[    3.697932] ohci_hcd: USB 1.1 'Open' Host Controller (OHCI) Driver
[    3.700689] ohci-pci: OHCI PCI platform driver
[    3.719319] ohci-platform: OHCI generic platform driver
[    3.742888] uhci_hcd: USB Universal Host Controller Interface driver
[    3.757056] i8042: PNP: PS/2 Controller [PNP0303:PS2K,PNP0f03:PS2M] at 0x60,0x64 irq 1,12
[    3.770475] serio: i8042 KBD port at 0x60,0x64 irq 1
[    3.773988] serio: i8042 AUX port at 0x60,0x64 irq 12
[    3.798862] mousedev: PS/2 mouse device common for all mice
[    3.803536] input: AT Translated Set 2 keyboard as /devices/platform/i8042/serio0/input/input2
[    3.807340] rtc_cmos rtc_cmos: rtc core: registered rtc_cmos as rtc0
[    3.819220] rtc_cmos rtc_cmos: alarms up to one day, 1 bytes nvram
[    3.871306] i2c /dev enries driver
[   3.897604] device-mappe: ueen: version 1.0.3

[    3.999026] device-mapper: ioctl: 4.34.0-ioctl (2015-10-28) initialised: dm-devel@redhat.com
[    4.002679] ledtrig-cpu: registered to indicate activity on CPUs
[    4.010006] NET: Registered protocol family 10
[    4.012070] NET: Registered protocol family 17
[    4.013802] Key type dns_resolver registered
[    4.019380] registered taskstats version 1
[    4.029225] Loading compiled-in X.509 certificates
[    4.042935] Loaded X.509 cert 'Build time autogenerated kernel key: 4eb3d024ac16f76c1747ffd474694c84db21038b'
[    4.056435] zswap: loaded using pool lzo/zbud
[    4.065315] Key type trusted registered
[    4.084122] Key type encrypted registered
[    4.085751] AppArmor: AppArmor sha1 policy hashing enabled
[    4.090165] ima: No TPM chip found, activating TPM-bypass!
[    4.093444] ima: Allocated hash algorithm: sha1
[    4.099901] evm: HMAC attrs: 0x1
[    4.107755]   Magic number: 2:958:194
[    4.120415] rtc_cmos rtc_cmos: setting system clock to 2018-09-16 20:11:55 UTC (1537128715)
[    4.130753] BIOS EDD facility v0.16 2004-Jun-25, 0 devices found
[    4.141434] EDD information not available.
[    4.144768] Freeing unused kernel memory: 1516K
[    4.156351] Write protecting the kernel read-only data: 14336k
[    4.163120] Freeing unused kernel memory: 1672K
[    4.178911] Freeing unused kernel memory: 92K
Loading, please wait...
starting version[    4.199359] random: systemd-udevd: uninitialized urandom read (16 bytes read, 5 bits of entropy available)
 229
[    4.200142] random: udevadm: uninitialized urandom read (16 bytes read, 5 bits of entropy available)
[    4.200168] random: udevadm: uninitialized urandom read (16 bytes read, 5 bits of entropy available)
[    4.209057] random: udevadm: uninitialized urandom read (16 bytes read, 5 bits of entropy available)
[    4.209106] random: udevadm: uninitialized urandom read (16 bytes read, 5 bits of entropy available)
[    4.209583] random: udevadm: uninitialized urandom read (16 bytes read, 5 bits of entropy available)
[    4.209644] random: udevadm: uninitialized urandom read (16 bytes read, 5 bits of entropy available)
[    4.209700] random: udevadm: uninitialized urandom read (16 bytes read, 5 bits of entropy available)
[    4.209755] random: udevadm: uninitialized urandom read (16 bytes read, 5 bits of entropy available)
[    4.209805] random: udevadm: uninitialized urandom read (16 bytes read, 5 bits of entropy available)
[    4.313552] e1000: Intel(R) PRO/1000 Network Driver - version 7.3.21-k8-NAPI
[    4.315759] e1000: Copyright (c) 1999-2006 Intel Corporation.
[    4.318180] Fusion MPT base driver 3.04.20
[    4.321889] Copyright (c) 1999-2008 LSI Corporation
[    4.324155] tsc: Refined TSC clocksource calibration: 1599.460 MHz
[    4.326724] clocksource: tsc: mask: 0xffffffffffffffff max_cycles: 0x170e26cd86e, max_idle_ns: 440795202126 ns
[    4.339061] Fusion MPT SPI Host driver 3.04.20
[    4.356186] AVX2 version of gcm_enc/dec engaged.
[    4.358363] AES CTR mode by8 optimization enabled
[    4.533424] input: ImExPS/2 Generic Explorer Mouse as /devices/platform/i8042/serio1/input/input4
[    4.815114] e1000 0000:00:03.0 eth0: (PCI:33MHz:32-bit) 02:1d:76:b3:3c:fe
[    4.820083] e1000 0000:00:03.0 eth0: Intel(R) PRO/1000 Network Connection
[    4.831594] mptbase: ioc0: Initiating bringup
[    4.905450] ioc0: LSI53C1030 A0: Capabilities={Initiator}
[    5.077478] scsi host2: ioc0: LSI53C1030 A0, FwRev=00000000h, Ports=1, MaxQ=256, IRQ=20
[    5.193510] scsi 2:0:0:0: Direct-Access     VBOX     HARDDISK         1.0  PQ: 0 ANSI: 5
[    5.211276] scsi target2:0:0: Beginning Domain Validation
[    5.222712] scsi target2:0:0: Domain Validation skipping write tests
[    5.225547] scsi target2:0:0: Ending Domain Validation
[    5.233214] scsi target2:0:0: asynchronous
[    5.236163] scsi 2:0:1:0: Direct-Access     VBOX     HARDDISK         1.0  PQ: 0 ANSI: 5
[    5.252428] scsi target2:0:1: Beginning Domain Validation
[    5.256362] scsi target2:0:1: Domain Validation skipping write tests
[    5.259053] scsi target2:0:1: Ending Domain Validation
[    5.261405] scsi target2:0:1: asynchronous
[    5.280986] sd 2:0:0:0: Attached scsi generic sg0 type 0
[    5.283672] sd 2:0:1:0: [sdb] 20480 512-byte logical blocks: (10.5 MB/10.0 MiB)
[    5.288410] sd 2:0:1:0: Attached scsi generic sg1 type 0
[    5.290563] sd 2:0:0:0: [sda] 20971520 512-byte logical blocks: (10.7 GB/10.0 GiB)
[    5.295279] sd 2:0:1:0: [sdb] Write Protect is off
[    5.297314] sd 2:0:0:0: [sda] Write Protect is off
[    5.300178] sd 2:0:0:0: [sda] Incomplete mode parameter data
[    5.302402] sd 2:0:0:0: [sda] Assuming drive cache: write through
[    5.304642] sd 2:0:1:0: [sdb] Incomplete mode parameter data
[    5.306721] sd 2:0:1:0: [sdb] Assuming drive cache: write through
[    5.311687]  sda: sda1
[    5.315635] sd 2:0:0:0: [sda] Attached SCSI disk
[    5.318164] sd 2:0:1:0: [sdb] Attached SCSI disk
[    5.683537] e1000 0000:00:08.0 eth1: (PCI:33MHz:32-bit) 08:00:27:29:cc:17
[    5.686348] e1000 0000:00:08.0 eth1: Intel(R) PRO/1000 Network Connection
[    5.698584] e1000 0000:00:03.0 enp0s3: renamed from eth0
[    5.716921] e1000 0000:00:08.0 enp0s8: renamed from eth1
Begin: Loading e[    7.144415] md: linear personality registered for level -1
ssential drivers ... [    7.160818] md: multipath personality registered for level -4
[    7.166770] md: raid0 personality registered for level 0
[    7.183275] md: raid1 personality registered for level 1
[    7.259994] raid6: sse2x1   gen()  7741 MB/s
[    7.336261] raid6: sse2x1   xor()  5801 MB/s
[    7.406125] raid6: sse2x2   gen()  9953 MB/s
[    7.475854] raid6: sse2x2   xor()  6411 MB/s
[    7.545362] raid6: sse2x4   gen() 11519 MB/s
[    7.623886] raid6: sse2x4   xor()  7838 MB/s
[    7.696014] raid6: avx2x1   gen() 14583 MB/s
[    7.763831] raid6: avx2x2   gen() 18056 MB/s
[    7.838607] raid6: avx2x4   gen() 18990 MB/s
[    7.846851] raid6: using algorithm avx2x4 gen() 18990 MB/s
[    7.849993] raid6: using avx2x2 recovery algorithm
[    7.857649] xor: automatically using best checksumming function:
[    7.904008]    avx       :  5847.000 MB/sec
[    7.916108] async_tx: api initialized (async)
[    7.940940] md: raid6 personality registered for level 6
[    7.943355] md: raid5 personality registered for level 5
[    7.948122] md: raid4 personality registered for level 4
[    7.959841] md: raid10 personality registered for level 10
done.
Begin: Running /scripts/init-premount ... done.
Begin: Mounting root file system ... Begin: Running /scripts/local-top ... done.
Begin: Running /scripts/local-premount ... [    8.009868] Btrfs loaded
Scanning for Btrfs filesystems
done.
Warning: fsck not present, so skipping root file system
[    8.075015] EXT4-fs (sda1): mounted filesystem with ordered data mode. Opts: (null)
done.
Begin: Running /scripts/local-bottom ... done.
Begin: Running /scripts/init-bottom ... done.
[    8.191450] systemd[1]: systemd 229 running in system mode. (+PAM +AUDIT +SELINUX +IMA +APPARMOR +SMACK +SYSVINIT +UTMP +LIBCRYPTSETUP +GCRYPT +GNUTLS +ACL +XZ -LZ4 +SECCOMP +BLKID +ELFUTILS +KMOD -IDN)
[    8.213625] systemd[1]: Detected virtualization oracle.
[    8.215778] systemd[1]: Detected architecture x86-64.

Welcome to [1mUbuntu 16.04.5 LTS[0m!

[    8.223276] systemd[1]: Set hostname to <ubuntu>.
[    8.238703] systemd[1]: Initializing machine ID from random generator.
[    8.240809] systemd[1]: Installed transient /etc/machine-id file.
[    8.379550] systemd[1]: Listening on Journal Socket.
[[0;32m  OK  [0m] Listening on Journal Socket.
[    8.383443] systemd[1]: Listening on Journal Audit Socket.
[[0;32m  OK  [0m] Listening on Journal Audit Socket.
[    8.387537] systemd[1]: Reached target Swap.
[[0;32m  OK  [0m] Reached target Swap.
[    8.391453] systemd[1]: Listening on Journal Socket (/dev/log).
[[0;32m  OK  [0m] Listening on Journal Socket (/dev/log).
[    8.395800] systemd[1]: Reached target Encrypted Volumes.
[[0;32m  OK  [0m] Reached target Encrypted Volumes.
[    8.400049] systemd[1]: Reached target System Time Synchronized.
[[0;32m  OK  [0m] Reached target System Time Synchronized.
[    8.404399] systemd[1]: Started Forward Password Requests to Wall Directory Watch.
[[0;32m  OK  [0m] Started Forward Password Requests to Wall Directory Watch.
[    8.409814] systemd[1]: Listening on /dev/initctl Compatibility Named Pipe.
[[0;32m  OK  [0m] Listening on /dev/initctl Compatibility Named Pipe.
[    8.414590] systemd[1]: Listening on udev Kernel Socket.
[[0;32m  OK  [0m] Listening on udev Kernel Socket.
[    8.418941] systemd[1]: Created slice System Slice.
[[0;32m  OK  [0m] Created slice System Slice.
[    8.432463] systemd[1]: Mounting POSIX Message Queue File System...
         Mounting POSIX Message Queue File System...
[    8.440697] systemd[1]: Mounting Huge Pages File System...
         Mounting Huge Pages File System...
[    8.446554] systemd[1]: Starting Uncomplicated firewall...
         Starting Uncomplicated firewall...
[    8.490118] systemd[1]: Starting Nameserver information manager...
         Starting Nameserver information manager...
[    8.540619] systemd[1]: Starting Set console keymap...
         Starting Set console keymap...
[    8.555475] systemd[1]: Starting Load Kernel Modules...
         Starting Load Kernel Modules...
[    8.564105] Loading iSCSI transport class v2.0-870.
[    8.572815] iscsi: registered transport (tcp)
[    8.580142] systemd[1]: Mounting Debug File System...
         Mounting Debug File System...
[    8.589682] systemd[1]: Listening on LVM2 poll daemon socket.
[[0;32m  OK  [0m] Listening on LVM2 poll daemon socket.
[    8.597885] systemd[1]: Listening on Syslog Socket.
[[0;32m  OK  [0m] Listening on Syslog Socket.
[    8.614912] iscsi: registered transport (iser)
[    8.625032] systemd[1]: Starting Journal Service...
         Starting Journal Service...
[    8.636199] systemd[1]: Reached target User and Group Name Lookups.
[[0;32m  OK  [0m] Reached target User and Group Name Lookups.
[    8.656941] systemd[1]: Listening on udev Control Socket.
[[0;32m  OK  [0m] Listening on udev Control Socket.
[    8.676756] systemd[1]: Starting Remount Root and Kernel File Systems...
[    8.681921] EXT4-fs (sda1): re-mounted. Opts: (null)
         Starting Remount Root and Kernel File Systems...
[    8.696496] systemd[1]: Created slice User and Session Slice.
[[0;32m  OK  [0m] Created slice User and Session Slice.
[    8.709813] systemd[1]: Reached target Slices.
[[0;32m  OK  [0m] Reached target Slices.
[    8.732565] systemd[1]: Starting Create list of required static device nodes for the current kernel...
         Starting Create list of required st... nodes for the current kernel...
[    8.762141] systemd[1]: Started Trigger resolvconf update for networkd DNS.
[[0;32m  OK  [0m] Started Trigger resolvconf update for networkd DNS.
[    8.777225] systemd[1]: Created slice system-serial\x2dgetty.slice.
[[0;32m  OK  [0m] Created slice system-serial\x2dgetty.slice.
[    8.806124] systemd[1]: Listening on Device-mapper event daemon FIFOs.
[[0;32m  OK  [0m] Listening on Device-mapper event daemon FIFOs.
[    8.849391] systemd[1]: Set up automount Arbitrary Executable File Formats File System Automount Point.
[[0;32m  OK  [0m] Set up automount Arbitrary Executab...ats File System Automount Point.
[    8.893674] systemd[1]: Listening on LVM2 metadata daemon socket.
[[0;32m  OK  [0m] Listening on LVM2 metadata daemon socket.
[    8.932592] systemd[1]: Starting Monitoring of LVM2 mirrors, snapshots etc. using dmeventd or progress polling...
[    8.943815] random: nonblocking pool is initialized
         Starting Monitoring of LVM2 mirrors... dmeventd or progress polling...
[    8.964701] systemd[1]: Mounted Debug File System.
[[0;32m  OK  [0m] Mounted Debug File System.
[    8.969594] systemd[1]: Mounted Huge Pages File System.
[[0;32m  OK  [0m] Mounted Huge Pages File System.
[    8.984101] systemd[1]: Mounted POSIX Message Queue File System.
[[0;32m  OK  [0m] Mounted POSIX Message Queue File System.
[    9.012860] systemd[1]: Started Journal Service.
[[0;32m  OK  [0m] Started Journal Service.
[[0;32m  OK  [0m] Started Uncomplicated firewall.
[[0;32m  OK  [0m] Started Set console keymap.
[[0;32m  OK  [0m] Started Load Kernel Modules.
[[0;32m  OK  [0m] Started Remount Root and Kernel File Systems.
[[0;32m  OK  [0m] Started Create list of required sta...ce nodes for the current kernel.
[[0;32m  OK  [0m] Started Nameserver information manager.
[[0;32m  OK  [0m] Started LVM2 metadata daemon.
         Starting Create Static Device Nodes in /dev...
         Starting Load/Save Random Seed...
         Starting udev Coldplug all Devices...
         Starting Apply Kernel Variables...
         Mounting FUSE Control File System...
         Starting Flush Journal to Persistent Storage...
[[0;32m  OK  [0m] Mounted FUSE Control File System.
[[0;32m  OK  [0m] Started Load/Save Random Seed.
[[0;32m  OK  [0m] Started Create Static Device Nodes in /dev.
[[0;32m  OK  [0m] Started Apply Kernel Variables.
[[0;32m  OK  [0m] Started Flush Journal to Persistent Storage.
[[0;32m  OK  [0m] Started udev Coldplug all Devices.
         Starting udev Kernel Device Manager...
[[0;32m  OK  [0m] Started udev Kernel Device Manager.
[[0;32m  OK  [0m] Started Dispatch Password Requests to Console Directory Watch.
[[0;32m  OK  [0m] Found device /dev/ttyS0.
[[0;32m  OK  [0m] Started Monitoring of LVM2 mirrors,...ng dmeventd or progress polling.
[[0;32m  OK  [0m] Reached target Local File Systems (Pre).
[[0;32m  OK  [0m] Reached target Local File Systems.
         Starting Create Volatile Files and Directories...
         Starting Commit a transient machine-id on disk...
         Starting Set console font and keymap...
         Starting LSB: AppArmor initialization...
         Starting Tell Plymouth To Write Out Runtime Data...
         Starting Initial cloud-init job (pre-networking)...
[[0;32m  OK  [0m] Started Create Volatile Files and Directories.
[[0;32m  OK  [0m] Started Commit a transient machine-id on disk.
[[0;32m  OK  [0m] Started Tell Plymouth To Write Out Runtime Data.
[[0;32m  OK  [0m] Listening on Load/Save RF Kill Switch Status /dev/rfkill Watch.
         Starting Update UTMP about System Boot/Shutdown...
[[0;32m  OK  [0m] Started Update UTMP about System Boot/Shutdown.
[[0;32m  OK  [0m] Started Set console font and keymap.
[[0;32m  OK  [0m] Created slice system-getty.slice.
[[0;32m  OK  [0m] Started LSB: AppArmor initialization.
[    9.747502] cloud-init[638]: Cloud-init v. 18.3-9-g2e62cb8a-0ubuntu1~16.04.2 running 'init-local' at Sun, 16 Sep 2018 20:12:02 +0000. Up 9.24 seconds.
[[0;32m  OK  [0m] Started Initial cloud-init job (pre-networking).
[[0;32m  OK  [0m] Reached target Network (Pre).
         Starting Raise network interfaces...
[[0;32m  OK  [0m] Started Raise network interfaces.
[[0;32m  OK  [0m] Reached target Network.
         Starting Initial cloud-init job (metadata service crawler)...
[   12.794029] cloud-init[944]: Cloud-init v. 18.3-9-g2e62cb8a-0ubuntu1~16.04.2 running 'init' at Sun, 16 Sep 2018 20:12:04 +0000. Up 10.98 seconds.
[   12.821860] cloud-init[944]: ci-info: ++++++++++++++++++++++++++++++++++++++Net device info+++++++++++++++++++++++++++++++++++++++
[   12.850574] cloud-init[944]: ci-info: +--------+-------+----------------------------+---------------+--------+-------------------+
[   12.917070] cloud-init[944]: ci-info: | Device |   Up  |          Address           |      Mask     | Scope  |     Hw-Address    |
[[0;32m  OK  [0m] Started Initial cloud-init job (metadata service crawler).
[   12.950451] cloud-init[944]: ci-info: +--------+-------+----------------------------+---------------+--------+-------------------+
[[0;32m  OK  [0m] Reached target System Initialization.
[[0;32m  OK  [0m] Listening on D-Bus System Message Bus Socket.
         [   13.014308] cloud-init[944]: ci-info: | enp0s3 |  True |         10.0.2.15          | 255.255.255.0 | global | 02:1d:76:b3:3c:fe |
Starting Socket activation for snappy daemon.[   13.025894] cloud-init[944]: ci-info: | enp0s3 |  True | fe80::1d:76ff:feb3:3cfe/64 |       .       |  link  | 02:1d:76:b3:3c:fe |

[   13.025992] cloud-init[944]: ci-info: | enp0s8 | False |             .              |       .       |   .    | 08:00:27:29:cc:17 |
[   13.026134] cloud-init[944]: ci-info: |   lo   |  True |         127.0.0.1          |   255.0.0.0   |  host  |         .         |
[   13.026214] cloud-init[944]: ci-info: |   lo   |  True |          ::1/128           |       .       |  host  |         .         |
[   13.026292] cloud-init[944]: ci-info: +--------+-------+----------------------------+---------------+--------+-------------------+
[   13.026384] cloud-init[944]: ci-info: +++++++++++++++++++++++++++Route IPv4 info++++++++++++++++++++++++++++
[   13.026460] cloud-init[944]: ci-info: +-------+-------------+----------+---------------+-----------+-------+
[   13.026536] cloud-init[944]: ci-info: | Route | Destination | Gateway  |    Genmask    | Interface | Flags |
[   13.026611] cloud-init[944]: ci-info: +-------+-------------+----------+---------------+-----------+-------+
[   13.026690] cloud-init[944]: ci-info: |   0   |   0.0.0.0   | 10.0.2.2 |    0.0.0.0    |   enp0s3  |   UG  |
[   13.026763] cloud-init[944]: ci-info: |   1   |   10.0.2.0  | 0.0.0.0  | 255.255.255.0 |   enp0s3  |   U   |
[   13.026833] cloud-init[944]: ci-info: +-------+-------------+----------+---------------+-----------+-------+
[   13.026903] cloud-init[944]: ci-info: +++++++++++++++++++Route IPv6 info+++++++++++++++++++
[   13.026976] cloud-init[944]: ci-info: +-------+-------------+---------+-----------+-------+
[   13.027043] cloud-init[944]: ci-info: | Route | Destination | Gateway | Interface | Flags |
[   13.027114] cloud-init[944]: ci-info: +-------+-------------+---------+-----------+-------+
[   13.027184] cloud-init[944]: ci-info: |   0   |  fe80::/64  |    ::   |   enp0s3  |   U   |
[   13.027282] cloud-init[944]: ci-info: |   3   |   ff00::/8  |    ::   |   enp0s3  |   U   |
[   13.027363] cloud-init[944]: ci-info: +-------+-------------+---------+-----------+-------+
[   13.027431] cloud-init[944]: Generating public/private rsa key pair.
[   13.027503] cloud-init[944]: Your identification has been saved in /etc/ssh/ssh_host_rsa_key.
[   13.027573] cloud-init[944]: Your public key has been saved in /etc/ssh/ssh_host_rsa_key.pub.
[   13.027641] cloud-init[944]: The key fingerprint is:
[   13.027709] cloud-init[944]: SHA256:hz6kjW0sntNG/npGWOttW4JwUy71tPhvkll7h5kb0Pk root@ubuntu-xenial
[   13.027776] cloud-init[944]: The key's randomart image is:
[   13.027843] cloud-init[944]: +---[RSA 2048]----+
[   13.027912] cloud-init[944]: |                 |
[   13.027980] [[0;32m  OK  [0m] Listening on UUID daemon activation socket.
[[0;32m  OK  [0m] Listening on ACPID Listen Socket.
cloud-init[944]: [[0;32m  OK  [0m] Started ACPI Events Check.
[[0;32m  OK  [0m] Reached target Paths.
|                 |
[   13.356475] [[0;32m  OK  [0m] Started Daily apt download activities.
[[0;32m  OK  [0m] Started Daily apt upgrade and clean activities.
cloud-init[944]: |            o .  |
[   13.383146]          Starting LXD - unix socket.
cloud-init[944]: |         ..+ = o |
[[0;32m  OK  [0m] Started Daily Cleanup of Temporary Directories.
[[0;32m  OK  [0m] Reached target Timers.
[   13.401867] cloud-init[944]: |        So=.+ =  |[
[0;32m  OK  [0m] Reached target Cloud-config availability.
[[0;32m  OK  [0m] Reached target Network is Online.
[   13.404660] cloud-init[944]: |       Oo+o+ o ..|
[   13.450108] cloud-init[944]: |      ++Bo... +BE|
         Starting iSCSI initiator daemon (iscsid)...
[[0;32m  OK  [0m] Listening on Socket activation for snappy daemon.
[[0;32m  OK  [0m] Listening on LXD - unix socket.
[   13.454107] cloud-init[944]: |     ..++.+ ooB++|
[   13.495052] cloud-init[944]: |      oo.=.....++|
[   13.505192] [[0;32m  OK  [0m] Started iSCSI initiator daemon (iscsid).
cloud-init[944]:          Starting Login to default iSCSI targets...
[[0;32m  OK  [0m] Reached target Sockets.
[[0;32m  OK  [0m] Reached target Basic System.
[[0;32m  OK  [0m] Started Unattended Upgrades Shutdown.
+----[SHA256]-----+
[   13.533344]          Starting LSB: Record successful boot for GRUB...
cloud-init[944]: Generating public/private dsa key pair.
[[0;32m  OK  [0m] Started FUSE filesystem for LXC.
[   13.560692] cloud-init[944]: Your identification has been saved in /etc/ssh/ssh_host_dsa_key.
[   13.597105] [cloud-init[0;32m  OK  [0m[944]: ] Your public key has been saved in /etc/ssh/ssh_host_dsa_key.pub.Started Deferred execution scheduler.

[   13.599582] cloud-init[944]: The key fingerprint is:
[   13.635964] cloud-init[944]: SHA256:ZD8U7ncXXDwISLhOQPfzsnIEubMeNuK8xTlQFaIvHYA root@ubuntu-xenial
[   13.661574] [[0;32m  OK  [0m] Started D-Bus System Message Bus.
cloud-init[944]: The key's randomart image is:
[   13.682953] cloud-init[944]: +---[DSA 1024]----+
[   13.686505] cloud-init[944]: |    oo oo++.. ...|
[   13.689665] cloud-init[944]: |   E .+.=o . ...o|
[   13.693486] cloud-init[944]: |     ..=+oo    o.|         Starting Accounts Service...

[[0;32m  OK  [0m] Started Regular background program processing daemon.
[   13.722213] cloud-init[944]: |      +=++o     .|
         [   13.765173] cloud-init[944]: |     oo=So+.. . .|
[   13.766367] cloud-init[944]: |      +.= oo . . |
[   13.766468] cloud-init[944]: |     . @ o       |
[   13.766559] cloud-init[944]: |    o = *        |
[   13.766745] cloud-init[944]: |     +..         |
[   13.766828] cloud-init[944]: +----[SHA256]-----+
[   13.766906] cloud-init[944]: Generating public/private ecdsa key pair.
[   13.766992] cloud-init[944]: Your identification has been saved in /etc/ssh/ssh_host_ecdsa_key.
[   13.767068] cloud-init[944]: Your public key has been saved in /etc/ssh/ssh_host_ecdsa_key.pub.
[   13.767144] cloud-init[944]: The key fingerprint is:
[   13.767209] cloud-init[944]: SHA256:UZrXK3jBpes3V5gUkhadUq9MhsfpGbi3Ip8/KHbF38M root@ubuntu-xenial
[   13.767282] cloud-init[944]: The key's randomart image is:
Starting LXD - container startup/shutdown...
[   13.767616] cloud-init[944]: +---[ECDSA 256]---+
         Starting Pollinate to seed the pseudo random number generator...
[   13.920966] cloud-init[944]: |          . +=o. |
[   13.934580] cloud-init[944]: |         = ++=o+ |
[   13.950271] cloud-init[944]: |        + =.+.O .|
[   13.951034] cloud-init[944]: |         + o X * |
[   13.953866] cloud-init[944]: |        S + o.O .|
[   13.953985] cloud-init[944]: |         o . .oo |
[[0;32m  OK  [0m] Started ACPI event daemon.
[   13.954067] cloud-init[944]: |          o +o+..|
         Starting LSB: MD monitoring daemon...
[   14.059886] cloud-init[944]: |          o+o=.Eo|
         Starting Login Service...
[   14.137011] cloud-init[944]: |         . oo....|
         Starting Virtualbox guest utils...
         [   14.179737] cloud-initStarting /etc/rc.local Compatibility...
         Starting System Logging Service...
[944]: +----[SHA256]-----+
         Starting Snappy daemon...
[[0;32m  OK  [0m] Started System Logging Service.
[[0;32m  OK  [0m] Started LXD - container startup/shutdown.
[   14.252980] [cloud-init[0;32m  OK  [0m[944]: ] Generating public/private ed25519 key pair.Started Pollinate to seed the pseudo random number generator.

[   14.403728] [[0;32m  OK  [0m] Started /etc/rc.local Compatibility.
cloud-init[944]: Your identification has been saved in /etc/ssh/ssh_host_ed25519_key.
[   14.500345] [cloud-init[0;32m  OK  [0m[944]: ] Your public key has been saved in /etc/ssh/ssh_host_ed25519_key.pub.Started Login to default iSCSI targets.

[   14.502216] [cloud-init[0;32m  OK  [0m[944]: ] The key fingerprint is:Started Snappy daemon.

[[0;32m  OK  [0m] Started LSB: Record successful boot for GRUB.
[   14.571824] cloud-init[944]: SHA256:60y8UPcQVlb2xKu8Sk3k1LUq7DluCuYMFWeg1tVzQFM root@ubuntu-xenial
[   14.628479] cloud-init[944]: The key's randomart image is:
[   14.629856] cloud-init[944]: +--[ED25519 256]--+
[   14.630094] cloud-init[944]: |       . .o+=Eo.o|
[   14.630277] cloud-init[944]: |      o o  =.o.o+|
[   14.631053] [[0;32m  OK  [0m] Started LSB: MD monitoring daemon.
cloud-init[944]: |     o o oo oo oo|
[   14.669877] cloud-init[944]: |    .   +...+ .. |
[   14.682364] cloud-init[944]: |       .S oo.+.  |
[   14.691549] cloud-init[944]: |      .o o.o=o   |
[   14.697818] cloud-init[944]: |     ..o+  =...  |
[   14.708027] cloud-init[944]: |      ==..o...   |
[   14.717109] cloud-init[944]: |       o+.oo.    |
[   14.728786] cloud-init[944]: +----[SHA256]-----+
         Starting Authenticate and Authorize Users to Run Privileged Tasks...
         Starting Wait until snapd is fully seeded...
[[0;32m  OK  [0m] Reached target Remote File Systems (Pre).
[[0;32m  OK  [0m] Reached target Remote File Systems.
         Starting LSB: daemon to balance interrupts for SMP systems...
         Starting Permit User Sessions...
         Starting LSB: automatic crash report generation...
         Starting LSB: Set the CPU Frequency Scaling governor to "ondemand"...
         Starting OpenBSD Secure Shell server...
[[0;32m  OK  [0m] Started Virtualbox guest utils.
[[0;32m  OK  [0m] Started Permit User Sessions.
[[0;32m  OK  [0m] Started Login Service.
[[0;32m  OK  [0m] Started OpenBSD Secure Shell server.
[[0;32m  OK  [0m] Started Authenticate and Authorize Users to Run Privileged Tasks.
[[0;32m  OK  [0m] Started Accounts Service.
[[0;32m  OK  [0m] Started LSB: daemon to balance interrupts for SMP systems.
[[0;32m  OK  [0m] Started LSB: automatic crash report generation.
[[0;32m  OK  [0m] Started LSB: Set the CPU Frequency Scaling governor to "ondemand".
         Starting Hold until boot process finishes up...
         Starting Terminate Plymouth Boot Screen...
[[0;32m  OK  [0m] Started Hold until boot process finishes up.
[[0;32m  OK  [0m] Started Terminate Plymouth Boot Screen.
[[0;32m  OK  [0m] Started Getty on tty1.
         Starting Set console scheme...
[[0;32m  OK  [0m] Started Serial Getty on ttyS0.
[[0;32m  OK  [0m] Reached target Login Prompts.
[[0;32m  OK  [0m] Started Set console scheme.
[[0;32m  OK  [0m] Created slice User Slice of vagrant.
         Starting User Manager for UID 1000...
[[0;32m  OK  [0m] Started Session 1 of user vagrant.
[[0;32m  OK  [0m] Started User Manager for UID 1000.
[[0;32m  OK  [0m] Started Wait until snapd is fully seeded.
         Starting Apply the settings specified in cloud-config...
[[0;32m  OK  [0m] Reached target Multi-User System.
[[0;32m  OK  [0m] Reached target Graphical Interface.
         Starting Update UTMP about System Runlevel Changes...
[[0;32m  OK  [0m] Started Update UTMP about System Runlevel Changes.
[   17.160494] cloud-init[1363]: Generating locales (this might take a while)...
         Stopping User Manager for UID 1000...
[[0;32m  OK  [0m] Stopped User Manager for UID 1000.
[[0;32m  OK  [0m] Removed slice User Slice of vagrant.
[[0;32m  OK  [0m] Created slice User Slice of vagrant.
         Starting User Manager for UID 1000...
[[0;32m  OK  [0m] Started Session 2 of user vagrant.
[[0;32m  OK  [0m] Started User Manager for UID 1000.
[   18.395330] cloud-init[1363]:   en_US.UTF-8... done
[   18.410000] cloud-init[1363]: Generation complete.
[   18.889678] cloud-init[1363]: Cloud-init v. 18.3-9-g2e62cb8a-0ubuntu1~16.04.2 running 'modules:config' at Sun, 16 Sep 2018 20:12:10 +0000. Up 16.95 seconds.
[[0;32m  OK  [0m] Started Apply the settings specified in cloud-config.
         Starting Execute cloud user/final scripts...
ci-info: no authorized ssh keys fingerprints found for user ubuntu.
<14>Sep 16 20:12:13 ec2: 
<14>Sep 16 20:12:13 ec2: #############################################################
<14>Sep 16 20:12:13 ec2: -----BEGIN SSH HOST KEY FINGERPRINTS-----
<14>Sep 16 20:12:13 ec2: 1024 SHA256:ZD8U7ncXXDwISLhOQPfzsnIEubMeNuK8xTlQFaIvHYA root@ubuntu-xenial (DSA)
<14>Sep 16 20:12:13 ec2: 256 SHA256:UZrXK3jBpes3V5gUkhadUq9MhsfpGbi3Ip8/KHbF38M root@ubuntu-xenial (ECDSA)
<14>Sep 16 20:12:13 ec2: 256 SHA256:60y8UPcQVlb2xKu8Sk3k1LUq7DluCuYMFWeg1tVzQFM root@ubuntu-xenial (ED25519)
<14>Sep 16 20:12:13 ec2: 2048 SHA256:hz6kjW0sntNG/npGWOttW4JwUy71tPhvkll7h5kb0Pk root@ubuntu-xenial (RSA)
<14>Sep 16 20:12:13 ec2: -----END SSH HOST KEY FINGERPRINTS-----
<14>Sep 16 20:12:13 ec2: #############################################################
-----BEGIN SSH HOST KEY KEYS-----
ecdsa-sha2-nistp256 AAAAE2VjZHNhLXNoYTItbmlzdHAyNTYAAAAIbmlzdHAyNTYAAABBBGk10JmeiAJpRnNQBDfilvL3CndXhgKYOm845w3UywBIwjISff/n0U00JpxedHbrc7isE1MxeEgElkCuUOOH7Xs= root@ubuntu-xenial
ssh-ed25519 AAAAC3NzaC1lZDI1NTE5AAAAIPuEpH/Ds0rVYAQ9ViXblRK3X++EXq39A8wTSu+HebvX root@ubuntu-xenial
ssh-rsa AAAAB3NzaC1yc2EAAAADAQABAAABAQCvHxRkdHNxbrMEskdvkENP/rjuxZXKBx8+U64yIrBdvhDXTup/z3xEe54I2s5LBnfLyTlYPyuwK7VJ31yKpG94z2ccFY9+tDNZAZ6KqQaX2oO5kFnkNt4nH25qUpWPTUE+Fl3mRSY0nxNOgU6Zc5J7IHpkeQS9tUYPfOGbD5/a3H8S4KubkdKt2XTxfKK0OGr4/sWaajn3hSFhiVvCfiJJ5m28MY3QTJarrf+ph/GZd5q0ds1bVLgTJpNX1Q7CPQKkQv0pGofJlLXTD5LuO7YvCSJADTLbRr4txT5Jktll5V0TXDcz0MZXg0GIAnIeQ9PmoiEUjMTKrE0kEz++ODAR root@ubuntu-xenial
-----END SSH HOST KEY KEYS-----
[   19.868460] cloud-init[1679]: Cloud-init v. 18.3-9-g2e62cb8a-0ubuntu1~16.04.2 running 'modules:final' at Sun, 16 Sep 2018 20:12:12 +0000. Up 19.43 seconds.
[   19.875093] cloud-init[1679]: ci-info: no authorized ssh keys fingerprints found for user ubuntu.
[   19.890987] cloud-init[1679]: Cloud-init v. 18.3-9-g2e62cb8a-0ubuntu1~16.04.2 finished at Sun, 16 Sep 2018 20:12:13 +0000. Datasource DataSourceNoCloud [seed=/dev/sdb][dsmode=net].  Up 19.85 seconds
[[0;32m  OK  [0m] Started Execute cloud user/final scripts.
[[0;32m  OK  [0m] Reached target Cloud-init target.

Ubuntu 16.04.5 LTS ubuntu-xenial ttyS0

ubuntu-xenial login: 